  [1m[35m (0.1ms)[0m  [1m[34mSELECT sqlite_version(*)[0m
  [1m[35m (108.8ms)[0m  [1m[35mCREATE TABLE "schema_migrations" ("version" varchar NOT NULL PRIMARY KEY)[0m
  [1m[35m (110.0ms)[0m  [1m[35mCREATE TABLE "ar_internal_metadata" ("key" varchar NOT NULL PRIMARY KEY, "value" varchar, "created_at" datetime NOT NULL, "updated_at" datetime NOT NULL)[0m
  [1m[35m (0.1ms)[0m  [1m[34mSELECT "schema_migrations"."version" FROM "schema_migrations" ORDER BY "schema_migrations"."version" ASC[0m
Migrating to CreateProjects (20170429005652)
  [1m[35m (0.1ms)[0m  [1m[36mbegin transaction[0m
  [1m[35m (0.5ms)[0m  [1m[35mCREATE TABLE "projects" ("id" INTEGER PRIMARY KEY AUTOINCREMENT NOT NULL, "name" varchar, "description" text, "due_on" date, "created_at" datetime NOT NULL, "updated_at" datetime NOT NULL)[0m
  [1m[35mSQL (0.2ms)[0m  [1m[32mINSERT INTO "schema_migrations" ("version") VALUES (?)[0m  [["version", "20170429005652"]]
  [1m[35m (90.1ms)[0m  [1m[36mcommit transaction[0m
Migrating to DeviseCreateUsers (20170429031237)
  [1m[35m (0.1ms)[0m  [1m[36mbegin transaction[0m
  [1m[35m (0.3ms)[0m  [1m[35mCREATE TABLE "users" ("id" INTEGER PRIMARY KEY AUTOINCREMENT NOT NULL, "email" varchar DEFAULT '' NOT NULL, "encrypted_password" varchar DEFAULT '' NOT NULL, "reset_password_token" varchar, "reset_password_sent_at" datetime, "remember_created_at" datetime, "sign_in_count" integer DEFAULT 0 NOT NULL, "current_sign_in_at" datetime, "last_sign_in_at" datetime, "current_sign_in_ip" varchar, "last_sign_in_ip" varchar, "created_at" datetime NOT NULL, "updated_at" datetime NOT NULL)[0m
  [1m[35m (0.2ms)[0m  [1m[35mCREATE UNIQUE INDEX "index_users_on_email" ON "users" ("email")[0m
  [1m[35m (0.1ms)[0m  [1m[34m            SELECT sql
            FROM sqlite_master
            WHERE name='index_users_on_email' AND type='index'
            UNION ALL
            SELECT sql
            FROM sqlite_temp_master
            WHERE name='index_users_on_email' AND type='index'
[0m
  [1m[35m (0.1ms)[0m  [1m[35mCREATE UNIQUE INDEX "index_users_on_reset_password_token" ON "users" ("reset_password_token")[0m
  [1m[35mSQL (0.2ms)[0m  [1m[32mINSERT INTO "schema_migrations" ("version") VALUES (?)[0m  [["version", "20170429031237"]]
  [1m[35m (83.7ms)[0m  [1m[36mcommit transaction[0m
Migrating to AddNameFieldsToUser (20170429183740)
  [1m[35m (0.1ms)[0m  [1m[36mbegin transaction[0m
  [1m[35m (0.5ms)[0m  [1m[35mALTER TABLE "users" ADD "first_name" varchar[0m
  [1m[35m (0.4ms)[0m  [1m[35mALTER TABLE "users" ADD "last_name" varchar[0m
  [1m[35mSQL (0.2ms)[0m  [1m[32mINSERT INTO "schema_migrations" ("version") VALUES (?)[0m  [["version", "20170429183740"]]
  [1m[35m (53.2ms)[0m  [1m[36mcommit transaction[0m
Migrating to AddUserToProject (20170429184509)
  [1m[35m (0.1ms)[0m  [1m[36mbegin transaction[0m
  [1m[35m (0.4ms)[0m  [1m[35mALTER TABLE "projects" ADD "user_id" integer[0m
  [1m[35m (0.2ms)[0m  [1m[35mCREATE  INDEX "index_projects_on_user_id" ON "projects" ("user_id")[0m
  [1m[35mSQL (0.2ms)[0m  [1m[32mINSERT INTO "schema_migrations" ("version") VALUES (?)[0m  [["version", "20170429184509"]]
  [1m[35m (85.0ms)[0m  [1m[36mcommit transaction[0m
Migrating to CreateNotes (20170429213746)
  [1m[35m (0.1ms)[0m  [1m[36mbegin transaction[0m
  [1m[35m (0.3ms)[0m  [1m[35mCREATE TABLE "notes" ("id" INTEGER PRIMARY KEY AUTOINCREMENT NOT NULL, "message" text, "project_id" integer, "user_id" integer, "created_at" datetime NOT NULL, "updated_at" datetime NOT NULL, CONSTRAINT "fk_rails_99e097b079"
FOREIGN KEY ("project_id")
  REFERENCES "projects" ("id")
, CONSTRAINT "fk_rails_7f2323ad43"
FOREIGN KEY ("user_id")
  REFERENCES "users" ("id")
)[0m
  [1m[35m (0.1ms)[0m  [1m[35mCREATE  INDEX "index_notes_on_project_id" ON "notes" ("project_id")[0m
  [1m[35m (0.1ms)[0m  [1m[34m            SELECT sql
            FROM sqlite_master
            WHERE name='index_notes_on_project_id' AND type='index'
            UNION ALL
            SELECT sql
            FROM sqlite_temp_master
            WHERE name='index_notes_on_project_id' AND type='index'
[0m
  [1m[35m (0.1ms)[0m  [1m[35mCREATE  INDEX "index_notes_on_user_id" ON "notes" ("user_id")[0m
  [1m[35mSQL (0.2ms)[0m  [1m[32mINSERT INTO "schema_migrations" ("version") VALUES (?)[0m  [["version", "20170429213746"]]
  [1m[35m (113.4ms)[0m  [1m[36mcommit transaction[0m
Migrating to CreateTasks (20170430190554)
  [1m[35m (0.2ms)[0m  [1m[36mbegin transaction[0m
  [1m[35m (0.7ms)[0m  [1m[35mCREATE TABLE "tasks" ("id" INTEGER PRIMARY KEY AUTOINCREMENT NOT NULL, "name" varchar, "project_id" integer, "completed" boolean, "created_at" datetime NOT NULL, "updated_at" datetime NOT NULL, CONSTRAINT "fk_rails_02e851e3b7"
FOREIGN KEY ("project_id")
  REFERENCES "projects" ("id")
)[0m
  [1m[35m (0.2ms)[0m  [1m[35mCREATE  INDEX "index_tasks_on_project_id" ON "tasks" ("project_id")[0m
  [1m[35mSQL (0.3ms)[0m  [1m[32mINSERT INTO "schema_migrations" ("version") VALUES (?)[0m  [["version", "20170430190554"]]
  [1m[35m (91.0ms)[0m  [1m[36mcommit transaction[0m
Migrating to AddAuthenticationTokenToUser (20170505204351)
  [1m[35m (0.1ms)[0m  [1m[36mbegin transaction[0m
  [1m[35m (0.7ms)[0m  [1m[35mALTER TABLE "users" ADD "authentication_token" varchar[0m
  [1m[35mSQL (0.4ms)[0m  [1m[32mINSERT INTO "schema_migrations" ("version") VALUES (?)[0m  [["version", "20170505204351"]]
  [1m[35m (67.2ms)[0m  [1m[36mcommit transaction[0m
Migrating to AddAttachmentAttachmentToNotes (20170519014052)
  [1m[35m (0.1ms)[0m  [1m[36mbegin transaction[0m
  [1m[35m (0.6ms)[0m  [1m[35mALTER TABLE "notes" ADD "attachment_file_name" varchar[0m
  [1m[35m (0.3ms)[0m  [1m[35mALTER TABLE "notes" ADD "attachment_content_type" varchar[0m
  [1m[35m (0.3ms)[0m  [1m[35mALTER TABLE "notes" ADD "attachment_file_size" bigint[0m
  [1m[35m (0.2ms)[0m  [1m[35mALTER TABLE "notes" ADD "attachment_updated_at" datetime[0m
  [1m[35mSQL (0.3ms)[0m  [1m[32mINSERT INTO "schema_migrations" ("version") VALUES (?)[0m  [["version", "20170519014052"]]
  [1m[35m (59.7ms)[0m  [1m[36mcommit transaction[0m
Migrating to AddLocationToUsers (20170829013421)
  [1m[35m (0.1ms)[0m  [1m[36mbegin transaction[0m
  [1m[35m (0.4ms)[0m  [1m[35mALTER TABLE "users" ADD "location" varchar[0m
  [1m[35mSQL (0.7ms)[0m  [1m[32mINSERT INTO "schema_migrations" ("version") VALUES (?)[0m  [["version", "20170829013421"]]
  [1m[35m (49.6ms)[0m  [1m[36mcommit transaction[0m
  [1m[36mActiveRecord::InternalMetadata Load (0.2ms)[0m  [1m[34mSELECT  "ar_internal_metadata".* FROM "ar_internal_metadata" WHERE "ar_internal_metadata"."key" = ? LIMIT ?[0m  [["key", "environment"], ["LIMIT", 1]]
  [1m[35m (0.1ms)[0m  [1m[36mbegin transaction[0m
  [1m[35mSQL (0.3ms)[0m  [1m[32mINSERT INTO "ar_internal_metadata" ("key", "value", "created_at", "updated_at") VALUES (?, ?, ?, ?)[0m  [["key", "environment"], ["value", "development"], ["created_at", "2020-08-05 06:59:41.053610"], ["updated_at", "2020-08-05 06:59:41.053610"]]
  [1m[35m (80.5ms)[0m  [1m[36mcommit transaction[0m
  [1m[35m (0.1ms)[0m  [1m[34mSELECT "schema_migrations"."version" FROM "schema_migrations" ORDER BY "schema_migrations"."version" ASC[0m
  [1m[35m (0.1ms)[0m  [1m[34m            SELECT sql
            FROM sqlite_master
            WHERE name='index_notes_on_user_id' AND type='index'
            UNION ALL
            SELECT sql
            FROM sqlite_temp_master
            WHERE name='index_notes_on_user_id' AND type='index'
[0m
  [1m[35m (0.1ms)[0m  [1m[34m            SELECT sql
            FROM sqlite_master
            WHERE name='index_notes_on_project_id' AND type='index'
            UNION ALL
            SELECT sql
            FROM sqlite_temp_master
            WHERE name='index_notes_on_project_id' AND type='index'
[0m
  [1m[35m (0.1ms)[0m  [1m[34m            SELECT sql
            FROM sqlite_master
            WHERE name='index_projects_on_user_id' AND type='index'
            UNION ALL
            SELECT sql
            FROM sqlite_temp_master
            WHERE name='index_projects_on_user_id' AND type='index'
[0m
  [1m[35m (0.1ms)[0m  [1m[34m            SELECT sql
            FROM sqlite_master
            WHERE name='index_tasks_on_project_id' AND type='index'
            UNION ALL
            SELECT sql
            FROM sqlite_temp_master
            WHERE name='index_tasks_on_project_id' AND type='index'
[0m
  [1m[35m (0.1ms)[0m  [1m[34m            SELECT sql
            FROM sqlite_master
            WHERE name='index_users_on_reset_password_token' AND type='index'
            UNION ALL
            SELECT sql
            FROM sqlite_temp_master
            WHERE name='index_users_on_reset_password_token' AND type='index'
[0m
  [1m[35m (0.1ms)[0m  [1m[34m            SELECT sql
            FROM sqlite_master
            WHERE name='index_users_on_email' AND type='index'
            UNION ALL
            SELECT sql
            FROM sqlite_temp_master
            WHERE name='index_users_on_email' AND type='index'
[0m
Started GET "/xinchao/index" for ::1 at 2020-08-05 14:00:12 +0700
  [1m[35m (0.1ms)[0m  [1m[34mSELECT "schema_migrations"."version" FROM "schema_migrations" ORDER BY "schema_migrations"."version" ASC[0m
  
ActionController::RoutingError (No route matches [GET] "/xinchao/index"):
  
actionpack (5.1.7) lib/action_dispatch/middleware/debug_exceptions.rb:63:in `call'
web-console (3.7.0) lib/web_console/middleware.rb:135:in `call_app'
web-console (3.7.0) lib/web_console/middleware.rb:30:in `block in call'
web-console (3.7.0) lib/web_console/middleware.rb:20:in `catch'
web-console (3.7.0) lib/web_console/middleware.rb:20:in `call'
actionpack (5.1.7) lib/action_dispatch/middleware/show_exceptions.rb:31:in `call'
railties (5.1.7) lib/rails/rack/logger.rb:36:in `call_app'
railties (5.1.7) lib/rails/rack/logger.rb:24:in `block in call'
activesupport (5.1.7) lib/active_support/tagged_logging.rb:69:in `block in tagged'
activesupport (5.1.7) lib/active_support/tagged_logging.rb:26:in `tagged'
activesupport (5.1.7) lib/active_support/tagged_logging.rb:69:in `tagged'
railties (5.1.7) lib/rails/rack/logger.rb:24:in `call'
sprockets-rails (3.2.1) lib/sprockets/rails/quiet_assets.rb:13:in `call'
actionpack (5.1.7) lib/action_dispatch/middleware/remote_ip.rb:79:in `call'
actionpack (5.1.7) lib/action_dispatch/middleware/request_id.rb:25:in `call'
rack (2.2.3) lib/rack/method_override.rb:24:in `call'
rack (2.2.3) lib/rack/runtime.rb:22:in `call'
activesupport (5.1.7) lib/active_support/cache/strategy/local_cache_middleware.rb:27:in `call'
actionpack (5.1.7) lib/action_dispatch/middleware/executor.rb:12:in `call'
actionpack (5.1.7) lib/action_dispatch/middleware/static.rb:125:in `call'
rack (2.2.3) lib/rack/sendfile.rb:110:in `call'
railties (5.1.7) lib/rails/engine.rb:522:in `call'
puma (3.12.6) lib/puma/configuration.rb:227:in `call'
puma (3.12.6) lib/puma/server.rb:706:in `handle_request'
puma (3.12.6) lib/puma/server.rb:476:in `process_client'
puma (3.12.6) lib/puma/server.rb:334:in `block in run'
puma (3.12.6) lib/puma/thread_pool.rb:135:in `block in spawn_thread'
Started GET "/" for ::1 at 2020-08-05 14:00:18 +0700
Processing by HomeController#index as HTML
  Rendering home/index.html.erb within layouts/application
  Rendered home/index.html.erb within layouts/application (0.8ms)
Started GET "/" for ::1 at 2020-08-05 14:00:22 +0700
Processing by HomeController#index as HTML
  Rendering home/index.html.erb within layouts/application
  Rendered home/index.html.erb within layouts/application (3.4ms)
  Rendered layouts/_navbar.html.erb (0.8ms)
  Rendered layouts/_flash.html.erb (0.5ms)
Completed 200 OK in 5008ms (Views: 5006.4ms | ActiveRecord: 0.0ms)


  Rendered layouts/_navbar.html.erb (0.8ms)
  Rendered layouts/_flash.html.erb (1.6ms)
Completed 200 OK in 1058ms (Views: 1056.0ms | ActiveRecord: 0.0ms)


Started GET "/" for ::1 at 2020-08-05 14:00:34 +0700
Processing by HomeController#index as HTML
  Rendering home/index.html.erb within layouts/application
  Rendered home/index.html.erb within layouts/application (1.0ms)
  Rendered layouts/_navbar.html.erb (0.7ms)
  Rendered layouts/_flash.html.erb (0.4ms)
Completed 200 OK in 51ms (Views: 50.1ms | ActiveRecord: 0.0ms)


Started GET "/projects" for ::1 at 2020-08-05 14:00:36 +0700
Processing by ProjectsController#index as HTML
Completed 401 Unauthorized in 5ms (ActiveRecord: 0.0ms)


Started GET "/users/sign_in" for ::1 at 2020-08-05 14:00:36 +0700
Processing by Devise::SessionsController#new as HTML
  Rendering devise/sessions/new.html.erb within layouts/application
  Rendered devise/shared/_links.html.erb (1.4ms)
  Rendered devise/sessions/new.html.erb within layouts/application (7.3ms)
  Rendered layouts/_navbar.html.erb (1.5ms)
  Rendered layouts/_flash.html.erb (0.4ms)
Completed 200 OK in 71ms (Views: 53.1ms | ActiveRecord: 0.6ms)


Started GET "/" for ::1 at 2020-08-05 14:00:38 +0700
Processing by HomeController#index as HTML
  Rendering home/index.html.erb within layouts/application
  Rendered home/index.html.erb within layouts/application (0.5ms)
  Rendered layouts/_navbar.html.erb (1.0ms)
  Rendered layouts/_flash.html.erb (0.4ms)
Completed 200 OK in 66ms (Views: 65.1ms | ActiveRecord: 0.0ms)


Started GET "/users/sign_up" for ::1 at 2020-08-05 14:00:41 +0700
Processing by RegistrationsController#new as HTML
  Rendering devise/registrations/new.html.erb within layouts/application
DEPRECATION WARNING: [Devise] `DeviseHelper.devise_error_messages!`
is deprecated and it will be removed in the next major version.
To customize the errors styles please run `rails g devise:views` and modify the
`devise/shared/error_messages` partial.
 (called from block in _app_views_devise_registrations_new_html_erb__4189811557938638238_69875557173140 at /home/kirito/Desktop/Cohota/project/rspec-test-master/app/views/devise/registrations/new.html.erb:4)
  Rendered devise/shared/_links.html.erb (0.8ms)
  Rendered devise/registrations/new.html.erb within layouts/application (6.6ms)
  Rendered layouts/_navbar.html.erb (0.8ms)
  Rendered layouts/_flash.html.erb (0.4ms)
Completed 200 OK in 51ms (Views: 49.9ms | ActiveRecord: 0.0ms)


Started POST "/users" for ::1 at 2020-08-05 14:01:23 +0700
Processing by RegistrationsController#create as HTML
  Parameters: {"utf8"=>"✓", "authenticity_token"=>"RF1W4Ty/FVKmy1XsEu+ODipe9IrrlVM5QmX9L9+3aEJ7OwAtj7J8m/V7mBdf2hXWeVieq9kJd+TsJns4HdOxVw==", "user"=>{"first_name"=>"Huy", "last_name"=>"Nguyen", "email"=>"huy.nguyen@idctechno.com", "password"=>"[FILTERED]", "password_confirmation"=>"[FILTERED]"}, "commit"=>"Sign up"}
  [1m[35m (0.1ms)[0m  [1m[36mbegin transaction[0m
  [1m[36mUser Exists (0.1ms)[0m  [1m[34mSELECT  1 AS one FROM "users" WHERE "users"."email" = ? LIMIT ?[0m  [["email", "huy.nguyen@idctechno.com"], ["LIMIT", 1]]
  [1m[36mUser Load (0.2ms)[0m  [1m[34mSELECT  "users".* FROM "users" WHERE "users"."authentication_token" = ? ORDER BY "users"."id" ASC LIMIT ?[0m  [["authentication_token", "nMX5B81xd_P5oXha_zVd"], ["LIMIT", 1]]
  [1m[35mSQL (0.3ms)[0m  [1m[32mINSERT INTO "users" ("email", "encrypted_password", "created_at", "updated_at", "first_name", "last_name", "authentication_token") VALUES (?, ?, ?, ?, ?, ?, ?)[0m  [["email", "huy.nguyen@idctechno.com"], ["encrypted_password", "$2a$11$0q2Cwjmc.xCqmEgBXdERpOoJtTYUNwwRM1tUwYANA8AKoYRGz3nNC"], ["created_at", "2020-08-05 07:01:23.958744"], ["updated_at", "2020-08-05 07:01:23.958744"], ["first_name", "Huy"], ["last_name", "Nguyen"], ["authentication_token", "nMX5B81xd_P5oXha_zVd"]]
[ActiveJob] Enqueued ActionMailer::DeliveryJob (Job ID: 500b77a3-53dd-4002-94ed-e80d5f1e4ed5) to Async(mailers) with arguments: "UserMailer", "welcome_email", "deliver_now", #<GlobalID:0x00007f1a489cf9c8 @uri=#<URI::GID gid://projects/User/1>>
  [1m[35m (81.6ms)[0m  [1m[36mcommit transaction[0m
  [1m[35m (0.0ms)[0m  [1m[36mbegin transaction[0m
  [1m[36mUser Load (0.1ms)[0m  [1m[34mSELECT  "users".* FROM "users" WHERE "users"."id" = ? LIMIT ?[0m  [["id", 1], ["LIMIT", 1]]
  [1m[35mSQL (0.3ms)[0m  [1m[33mUPDATE "users" SET "sign_in_count" = ?, "current_sign_in_at" = ?, "last_sign_in_at" = ?, "current_sign_in_ip" = ?, "last_sign_in_ip" = ?, "updated_at" = ? WHERE "users"."id" = ?[0m  [["sign_in_count", 1], ["current_sign_in_at", "2020-08-05 07:01:24.241650"], ["last_sign_in_at", "2020-08-05 07:01:24.241650"], ["current_sign_in_ip", "::1"], ["last_sign_in_ip", "::1"], ["updated_at", "2020-08-05 07:01:24.242287"], ["id", 1]]
  [1m[35m (80.9ms)[0m  [1m[36mcommit transaction[0m
Redirected to http://localhost:3000/projects
Completed 302 Found in 540ms (ActiveRecord: 163.5ms)


[ActiveJob] [ActionMailer::DeliveryJob] [500b77a3-53dd-4002-94ed-e80d5f1e4ed5] Performing ActionMailer::DeliveryJob (Job ID: 500b77a3-53dd-4002-94ed-e80d5f1e4ed5) from Async(mailers) with arguments: "UserMailer", "welcome_email", "deliver_now", #<GlobalID:0x00007f1a48af16d0 @uri=#<URI::GID gid://projects/User/1>>
Started GET "/projects" for ::1 at 2020-08-05 14:01:24 +0700
[ActiveJob] [ActionMailer::DeliveryJob] [500b77a3-53dd-4002-94ed-e80d5f1e4ed5]   Rendering user_mailer/welcome_email.html.erb within layouts/mailer
Processing by ProjectsController#index as HTML
[ActiveJob] [ActionMailer::DeliveryJob] [500b77a3-53dd-4002-94ed-e80d5f1e4ed5]   Rendered user_mailer/welcome_email.html.erb within layouts/mailer (0.5ms)
  [1m[36mUser Load (0.2ms)[0m  [1m[34mSELECT  "users".* FROM "users" WHERE "users"."id" = ? ORDER BY "users"."id" ASC LIMIT ?[0m  [["id", 1], ["LIMIT", 1]]
[ActiveJob] [ActionMailer::DeliveryJob] [500b77a3-53dd-4002-94ed-e80d5f1e4ed5] UserMailer#welcome_email: processed outbound mail in 218.0ms
[ActiveJob] [ActionMailer::DeliveryJob] [500b77a3-53dd-4002-94ed-e80d5f1e4ed5] Sent mail to huy.nguyen@idctechno.com (6.1ms)
[ActiveJob] [ActionMailer::DeliveryJob] [500b77a3-53dd-4002-94ed-e80d5f1e4ed5] Date: Wed, 05 Aug 2020 14:01:24 +0700
From: support@example.com
To: huy.nguyen@idctechno.com
Message-ID: <5f2a5944884b0_7c753f8d2b9d5ab095e@siro.mail>
Subject: Welcome to Projects!
Mime-Version: 1.0
Content-Type: text/html;
 charset=UTF-8
Content-Transfer-Encoding: 7bit

<!DOCTYPE html>
<html>
  <head>
    <meta http-equiv="Content-Type" content="text/html; charset=utf-8" />
    <style>
      /* Email styles need to be inline */
    </style>
  </head>

  <body>
    <!DOCTYPE html>
<html>
  <head>
    <meta content="text/html; charset=utf-8" http-equiv="Content-Type" />
  </head>
  <body>
    <h1>Welcome to Projects</h1>

    <p>
      Hello Huy,
    </p>

    <p>
      Thanks for checking out Projects. Use the email address
      huy.nguyen@idctechno.com to sign in or reset your password in the future.
    </p>
  </body>
</html>

  </body>
</html>

[ActiveJob] [ActionMailer::DeliveryJob] [500b77a3-53dd-4002-94ed-e80d5f1e4ed5] Performed ActionMailer::DeliveryJob (Job ID: 500b77a3-53dd-4002-94ed-e80d5f1e4ed5) from Async(mailers) in 225.15ms
  Rendering projects/index.html.erb within layouts/application
  [1m[36mProject Load (0.6ms)[0m  [1m[34mSELECT "projects".* FROM "projects" WHERE "projects"."user_id" = ?[0m  [["user_id", 1]]
  Rendered projects/index.html.erb within layouts/application (9.9ms)
  Rendered layouts/_navbar.html.erb (0.7ms)
  Rendered layouts/_flash.html.erb (0.4ms)
Completed 200 OK in 296ms (Views: 71.3ms | ActiveRecord: 1.1ms)


Started GET "/projects/new" for ::1 at 2020-08-05 14:01:32 +0700
Processing by ProjectsController#new as HTML
  [1m[36mUser Load (0.3ms)[0m  [1m[34mSELECT  "users".* FROM "users" WHERE "users"."id" = ? ORDER BY "users"."id" ASC LIMIT ?[0m  [["id", 1], ["LIMIT", 1]]
  Rendering projects/new.html.erb within layouts/application
  Rendered projects/_form.html.erb (4.5ms)
  Rendered projects/new.html.erb within layouts/application (5.6ms)
  Rendered layouts/_navbar.html.erb (1.2ms)
  Rendered layouts/_flash.html.erb (0.8ms)
Completed 200 OK in 89ms (Views: 78.5ms | ActiveRecord: 0.9ms)


Started POST "/projects" for ::1 at 2020-08-05 14:02:04 +0700
Processing by ProjectsController#create as HTML
  Parameters: {"utf8"=>"✓", "authenticity_token"=>"ZG8C+UVYPqGC3BrxgGYGEAySgbSL4H+fIvriwPRrVs5L47015O3nabjXvr6D7Av7T8Op7pEc9SdXmrPiEOkUKA==", "project"=>{"name"=>"Test", "description"=>"by me", "due_on(1i)"=>"2015", "due_on(2i)"=>"2", "due_on(3i)"=>"2"}, "commit"=>"Create Project"}
  [1m[36mUser Load (0.2ms)[0m  [1m[34mSELECT  "users".* FROM "users" WHERE "users"."id" = ? ORDER BY "users"."id" ASC LIMIT ?[0m  [["id", 1], ["LIMIT", 1]]
  [1m[35m (0.3ms)[0m  [1m[36mbegin transaction[0m
  [1m[36mProject Exists (0.7ms)[0m  [1m[34mSELECT  1 AS one FROM "projects" WHERE "projects"."name" = ? AND "projects"."user_id" = ? LIMIT ?[0m  [["name", "Test"], ["user_id", 1], ["LIMIT", 1]]
  [1m[36mUser Load (0.2ms)[0m  [1m[34mSELECT  "users".* FROM "users" WHERE "users"."id" = ? LIMIT ?[0m  [["id", 1], ["LIMIT", 1]]
  [1m[35mSQL (0.4ms)[0m  [1m[32mINSERT INTO "projects" ("name", "description", "due_on", "created_at", "updated_at", "user_id") VALUES (?, ?, ?, ?, ?, ?)[0m  [["name", "Test"], ["description", "by me"], ["due_on", "2015-02-02"], ["created_at", "2020-08-05 07:02:04.588784"], ["updated_at", "2020-08-05 07:02:04.588784"], ["user_id", 1]]
  [1m[35m (145.3ms)[0m  [1m[36mcommit transaction[0m
Redirected to http://localhost:3000/projects/1
Completed 302 Found in 165ms (ActiveRecord: 147.1ms)


Started GET "/projects/1" for ::1 at 2020-08-05 14:02:04 +0700
Processing by ProjectsController#show as HTML
  Parameters: {"id"=>"1"}
  [1m[36mUser Load (0.3ms)[0m  [1m[34mSELECT  "users".* FROM "users" WHERE "users"."id" = ? ORDER BY "users"."id" ASC LIMIT ?[0m  [["id", 1], ["LIMIT", 1]]
  [1m[36mProject Load (0.3ms)[0m  [1m[34mSELECT  "projects".* FROM "projects" WHERE "projects"."id" = ? LIMIT ?[0m  [["id", 1], ["LIMIT", 1]]
  [1m[36mUser Load (0.3ms)[0m  [1m[34mSELECT  "users".* FROM "users" WHERE "users"."id" = ? LIMIT ?[0m  [["id", 1], ["LIMIT", 1]]
  Rendering projects/show.html.erb within layouts/application
  [1m[36mTask Load (0.2ms)[0m  [1m[34mSELECT "tasks".* FROM "tasks" WHERE "tasks"."project_id" = ?[0m  [["project_id", 1]]
  Rendered collection of templates [0 times] (0.0ms)
  [1m[36mNote Load (0.2ms)[0m  [1m[34mSELECT "notes".* FROM "notes" WHERE "notes"."project_id" = ?[0m  [["project_id", 1]]
  Rendered collection of templates [0 times] (0.0ms)
  Rendered projects/show.html.erb within layouts/application (29.6ms)
  Rendered layouts/_navbar.html.erb (2.8ms)
  Rendered layouts/_flash.html.erb (1.1ms)
Completed 200 OK in 121ms (Views: 111.1ms | ActiveRecord: 2.0ms)


Started GET "/projects" for ::1 at 2020-08-05 14:02:17 +0700
Processing by ProjectsController#index as HTML
  [1m[36mUser Load (0.3ms)[0m  [1m[34mSELECT  "users".* FROM "users" WHERE "users"."id" = ? ORDER BY "users"."id" ASC LIMIT ?[0m  [["id", 1], ["LIMIT", 1]]
  Rendering projects/index.html.erb within layouts/application
  [1m[36mProject Load (0.1ms)[0m  [1m[34mSELECT "projects".* FROM "projects" WHERE "projects"."user_id" = ?[0m  [["user_id", 1]]
  Rendered projects/index.html.erb within layouts/application (3.4ms)
  Rendered layouts/_navbar.html.erb (0.9ms)
  Rendered layouts/_flash.html.erb (0.6ms)
Completed 200 OK in 56ms (Views: 52.8ms | ActiveRecord: 0.5ms)


Started GET "/" for ::1 at 2020-08-05 14:02:19 +0700
  [1m[36mUser Load (0.3ms)[0m  [1m[34mSELECT  "users".* FROM "users" WHERE "users"."id" = ? ORDER BY "users"."id" ASC LIMIT ?[0m  [["id", 1], ["LIMIT", 1]]
Processing by ProjectsController#index as HTML
  Rendering projects/index.html.erb within layouts/application
  [1m[36mProject Load (0.2ms)[0m  [1m[34mSELECT "projects".* FROM "projects" WHERE "projects"."user_id" = ?[0m  [["user_id", 1]]
  Rendered projects/index.html.erb within layouts/application (2.1ms)
  Rendered layouts/_navbar.html.erb (0.9ms)
  Rendered layouts/_flash.html.erb (0.5ms)
Completed 200 OK in 62ms (Views: 60.7ms | ActiveRecord: 0.2ms)


Started GET "/projects/1" for ::1 at 2020-08-05 14:02:21 +0700
Processing by ProjectsController#show as HTML
  Parameters: {"id"=>"1"}
  [1m[36mUser Load (0.3ms)[0m  [1m[34mSELECT  "users".* FROM "users" WHERE "users"."id" = ? ORDER BY "users"."id" ASC LIMIT ?[0m  [["id", 1], ["LIMIT", 1]]
  [1m[36mProject Load (0.3ms)[0m  [1m[34mSELECT  "projects".* FROM "projects" WHERE "projects"."id" = ? LIMIT ?[0m  [["id", 1], ["LIMIT", 1]]
  [1m[36mUser Load (0.3ms)[0m  [1m[34mSELECT  "users".* FROM "users" WHERE "users"."id" = ? LIMIT ?[0m  [["id", 1], ["LIMIT", 1]]
  Rendering projects/show.html.erb within layouts/application
  [1m[36mTask Load (0.2ms)[0m  [1m[34mSELECT "tasks".* FROM "tasks" WHERE "tasks"."project_id" = ?[0m  [["project_id", 1]]
  Rendered collection of templates [0 times] (0.0ms)
  [1m[36mNote Load (0.3ms)[0m  [1m[34mSELECT "notes".* FROM "notes" WHERE "notes"."project_id" = ?[0m  [["project_id", 1]]
  Rendered collection of templates [0 times] (0.0ms)
  Rendered projects/show.html.erb within layouts/application (9.9ms)
  Rendered layouts/_navbar.html.erb (0.7ms)
  Rendered layouts/_flash.html.erb (0.4ms)
Completed 200 OK in 75ms (Views: 66.9ms | ActiveRecord: 1.4ms)


Started DELETE "/users/sign_out" for ::1 at 2020-08-05 14:02:28 +0700
Processing by Devise::SessionsController#destroy as HTML
  Parameters: {"authenticity_token"=>"LVKHMKUlpIrxGet10QvabPMK5EPpoz+PPvdS26VL4ynGMFzTlroNFnpBxHz/xTN06uFATs/up9CcllQqLeVtDg=="}
  [1m[36mUser Load (0.2ms)[0m  [1m[34mSELECT  "users".* FROM "users" WHERE "users"."id" = ? ORDER BY "users"."id" ASC LIMIT ?[0m  [["id", 1], ["LIMIT", 1]]
  [1m[35m (0.1ms)[0m  [1m[36mbegin transaction[0m
  [1m[35m (0.2ms)[0m  [1m[36mcommit transaction[0m
Redirected to http://localhost:3000/
Completed 302 Found in 7ms (ActiveRecord: 0.4ms)


Started GET "/" for ::1 at 2020-08-05 14:02:28 +0700
Processing by HomeController#index as HTML
  Rendering home/index.html.erb within layouts/application
  Rendered home/index.html.erb within layouts/application (1.0ms)
  Rendered layouts/_navbar.html.erb (3.1ms)
  Rendered layouts/_flash.html.erb (0.7ms)
Completed 200 OK in 65ms (Views: 64.1ms | ActiveRecord: 0.0ms)


Started GET "/users/sign_in" for ::1 at 2020-08-05 14:02:31 +0700
Processing by Devise::SessionsController#new as HTML
  Rendering devise/sessions/new.html.erb within layouts/application
  Rendered devise/shared/_links.html.erb (1.0ms)
  Rendered devise/sessions/new.html.erb within layouts/application (4.2ms)
  Rendered layouts/_navbar.html.erb (0.7ms)
  Rendered layouts/_flash.html.erb (0.4ms)
Completed 200 OK in 66ms (Views: 64.3ms | ActiveRecord: 0.0ms)


Started POST "/users/sign_in" for ::1 at 2020-08-05 14:02:49 +0700
Processing by Devise::SessionsController#create as HTML
  Parameters: {"utf8"=>"✓", "authenticity_token"=>"hbzwmw5jdwu5K+jisbade9B1/JLBl608ryQeFWqSNaRI846ukhx69I9sqVCF59rkfT++8dmdlF8lkNN4gfLQhg==", "user"=>{"email"=>"huy.nguyen@idctechno.com", "password"=>"[FILTERED]", "remember_me"=>"0"}, "commit"=>"Log in"}
  [1m[36mUser Load (0.3ms)[0m  [1m[34mSELECT  "users".* FROM "users" WHERE "users"."email" = ? ORDER BY "users"."id" ASC LIMIT ?[0m  [["email", "huy.nguyen@idctechno.com"], ["LIMIT", 1]]
[ActiveJob] Enqueued GeocodeUserJob (Job ID: 7d1b845f-26cd-41da-8860-5621f1c7d655) to Async(default) with arguments: #<GlobalID:0x00007f1a5061a118 @uri=#<URI::GID gid://projects/User/1>>
  [1m[35m (0.1ms)[0m  [1m[36mbegin transaction[0m
  [1m[36mUser Load (0.3ms)[0m  [1m[34mSELECT  "users".* FROM "users" WHERE "users"."id" = ? LIMIT ?[0m  [["id", 1], ["LIMIT", 1]]
  [1m[35mSQL (0.2ms)[0m  [1m[33mUPDATE "users" SET "current_sign_in_at" = ?, "sign_in_count" = ?, "updated_at" = ? WHERE "users"."id" = ?[0m  [["current_sign_in_at", "2020-08-05 07:02:49.888574"], ["sign_in_count", 2], ["updated_at", "2020-08-05 07:02:49.890463"], ["id", 1]]
  [1m[35m (62.8ms)[0m  [1m[36mcommit transaction[0m
[ActiveJob] [GeocodeUserJob] [7d1b845f-26cd-41da-8860-5621f1c7d655] Performing GeocodeUserJob (Job ID: 7d1b845f-26cd-41da-8860-5621f1c7d655) from Async(default) with arguments: #<GlobalID:0x00007f1a505fba38 @uri=#<URI::GID gid://projects/User/1>>
Redirected to http://localhost:3000/
Completed 302 Found in 239ms (ActiveRecord: 63.4ms)


[ActiveJob] [GeocodeUserJob] [7d1b845f-26cd-41da-8860-5621f1c7d655]   [1m[35m (0.1ms)[0m  [1m[36mbegin transaction[0m
[ActiveJob] [GeocodeUserJob] [7d1b845f-26cd-41da-8860-5621f1c7d655]   [1m[35mSQL (0.4ms)[0m  [1m[33mUPDATE "users" SET "location" = ?, "updated_at" = ? WHERE "users"."id" = ?[0m  [["location", ", , "], ["updated_at", "2020-08-05 07:02:49.963209"], ["id", 1]]
[ActiveJob] [GeocodeUserJob] [7d1b845f-26cd-41da-8860-5621f1c7d655]   [1m[35m (68.1ms)[0m  [1m[36mcommit transaction[0m
Started GET "/" for ::1 at 2020-08-05 14:02:50 +0700
[ActiveJob] [GeocodeUserJob] [7d1b845f-26cd-41da-8860-5621f1c7d655] Performed GeocodeUserJob (Job ID: 7d1b845f-26cd-41da-8860-5621f1c7d655) from Async(default) in 76.55ms
  [1m[36mUser Load (0.3ms)[0m  [1m[34mSELECT  "users".* FROM "users" WHERE "users"."id" = ? ORDER BY "users"."id" ASC LIMIT ?[0m  [["id", 1], ["LIMIT", 1]]
Processing by ProjectsController#index as HTML
  Rendering projects/index.html.erb within layouts/application
  [1m[36mProject Load (0.1ms)[0m  [1m[34mSELECT "projects".* FROM "projects" WHERE "projects"."user_id" = ?[0m  [["user_id", 1]]
  Rendered projects/index.html.erb within layouts/application (1.9ms)
  Rendered layouts/_navbar.html.erb (0.7ms)
  Rendered layouts/_flash.html.erb (0.4ms)
Completed 200 OK in 55ms (Views: 54.5ms | ActiveRecord: 0.1ms)


Started GET "/users/edit" for ::1 at 2020-08-05 14:03:44 +0700
Processing by RegistrationsController#edit as HTML
  [1m[36mUser Load (0.2ms)[0m  [1m[34mSELECT  "users".* FROM "users" WHERE "users"."id" = ? ORDER BY "users"."id" ASC LIMIT ?[0m  [["id", 1], ["LIMIT", 1]]
  Rendering devise/registrations/edit.html.erb within layouts/application
DEPRECATION WARNING: [Devise] `DeviseHelper.devise_error_messages!`
is deprecated and it will be removed in the next major version.
To customize the errors styles please run `rails g devise:views` and modify the
`devise/shared/error_messages` partial.
 (called from block in _app_views_devise_registrations_edit_html_erb___983968693187888008_69875361473380 at /home/kirito/Desktop/Cohota/project/rspec-test-master/app/views/devise/registrations/edit.html.erb:4)
  Rendered devise/registrations/edit.html.erb within layouts/application (8.6ms)
  Rendered layouts/_navbar.html.erb (0.7ms)
  Rendered layouts/_flash.html.erb (0.4ms)
Completed 200 OK in 64ms (Views: 62.5ms | ActiveRecord: 0.2ms)


Started GET "/projects" for ::1 at 2020-08-05 14:03:50 +0700
Processing by ProjectsController#index as HTML
  [1m[36mUser Load (0.3ms)[0m  [1m[34mSELECT  "users".* FROM "users" WHERE "users"."id" = ? ORDER BY "users"."id" ASC LIMIT ?[0m  [["id", 1], ["LIMIT", 1]]
  Rendering projects/index.html.erb within layouts/application
  [1m[36mProject Load (0.1ms)[0m  [1m[34mSELECT "projects".* FROM "projects" WHERE "projects"."user_id" = ?[0m  [["user_id", 1]]
  Rendered projects/index.html.erb within layouts/application (4.0ms)
  Rendered layouts/_navbar.html.erb (0.7ms)
  Rendered layouts/_flash.html.erb (0.4ms)
Completed 200 OK in 61ms (Views: 57.6ms | ActiveRecord: 0.4ms)


